# JRE version: Java(TM) SE Runtime Environment (8.0_171-b11) (build 1.8.0_171-b11)
# Java VM: Java HotSpot(TM) 64-Bit Server VM (25.171-b11 mixed mode windows-amd64 compressed oops)
Heap:
 PSYoungGen      total 186368K, used 147691K [0x00000000d5c00000, 0x00000000e3000000, 0x0000000100000000)
  eden space 171520K, 77% used [0x00000000d5c00000,0x00000000dddbcd60,0x00000000e0380000)
  from space 14848K, 99% used [0x00000000e1400000,0x00000000e227e298,0x00000000e2280000)
  to   space 16896K, 0% used [0x00000000e0380000,0x00000000e0380000,0x00000000e1400000)
 ParOldGen       total 100864K, used 19792K [0x0000000081400000, 0x0000000087680000, 0x00000000d5c00000)
  object space 100864K, 19% used [0x0000000081400000,0x00000000827542e8,0x0000000087680000)
 Metaspace       used 49199K, capacity 51158K, committed 51456K, reserved 1093632K
  class space    used 6245K, capacity 6575K, committed 6656K, reserved 1048576K
GC Heap History (10 events):
Event: 5.944 GC heap before
{Heap before GC invocations=8 (full 1):
 PSYoungGen      total 107008K, used 55432K [0x00000000d5c00000, 0x00000000dd280000, 0x0000000100000000)
  eden space 95744K, 46% used [0x00000000d5c00000,0x00000000d877f2a0,0x00000000db980000)
  from space 11264K, 96% used [0x00000000dc700000,0x00000000dd1a3140,0x00000000dd200000)
  to   space 12800K, 0% used [0x00000000db980000,0x00000000db980000,0x00000000dc600000)
 ParOldGen       total 58880K, used 10281K [0x0000000081400000, 0x0000000084d80000, 0x00000000d5c00000)
  object space 58880K, 17% used [0x0000000081400000,0x0000000081e0a570,0x0000000084d80000)
 Metaspace       used 34407K, capacity 35356K, committed 35456K, reserved 1079296K
  class space    used 4459K, capacity 4662K, committed 4736K, reserved 1048576K
Event: 5.954 GC heap after
Heap after GC invocations=8 (full 1):
 PSYoungGen      total 108544K, used 12779K [0x00000000d5c00000, 0x00000000dfe80000, 0x0000000100000000)
  eden space 95744K, 0% used [0x00000000d5c00000,0x00000000d5c00000,0x00000000db980000)
  from space 12800K, 99% used [0x00000000db980000,0x00000000dc5faea0,0x00000000dc600000)
  to   space 14848K, 0% used [0x00000000df000000,0x00000000df000000,0x00000000dfe80000)
 ParOldGen       total 58880K, used 10586K [0x0000000081400000, 0x0000000084d80000, 0x00000000d5c00000)
  object space 58880K, 17% used [0x0000000081400000,0x0000000081e56920,0x0000000084d80000)
 Metaspace       used 34407K, capacity 35356K, committed 35456K, reserved 1079296K
  class space    used 4459K, capacity 4662K, committed 4736K, reserved 1048576K
}
Event: 5.954 GC heap before
{Heap before GC invocations=9 (full 2):
 PSYoungGen      total 108544K, used 12779K [0x00000000d5c00000, 0x00000000dfe80000, 0x0000000100000000)
  eden space 95744K, 0% used [0x00000000d5c00000,0x00000000d5c00000,0x00000000db980000)
  from space 12800K, 99% used [0x00000000db980000,0x00000000dc5faea0,0x00000000dc600000)
  to   space 14848K, 0% used [0x00000000df000000,0x00000000df000000,0x00000000dfe80000)
 ParOldGen       total 58880K, used 10586K [0x0000000081400000, 0x0000000084d80000, 0x00000000d5c00000)
  object space 58880K, 17% used [0x0000000081400000,0x0000000081e56920,0x0000000084d80000)
 Metaspace       used 34407K, capacity 35356K, committed 35456K, reserved 1079296K
  class space    used 4459K, capacity 4662K, committed 4736K, reserved 1048576K
Event: 6.019 GC heap after
Heap after GC invocations=9 (full 2):
 PSYoungGen      total 108544K, used 0K [0x00000000d5c00000, 0x00000000dfe80000, 0x0000000100000000)
  eden space 95744K, 0% used [0x00000000d5c00000,0x00000000d5c00000,0x00000000db980000)
  from space 12800K, 0% used [0x00000000db980000,0x00000000db980000,0x00000000dc600000)
  to   space 14848K, 0% used [0x00000000df000000,0x00000000df000000,0x00000000dfe80000)
 ParOldGen       total 100864K, used 19390K [0x0000000081400000, 0x0000000087680000, 0x00000000d5c00000)
  object space 100864K, 19% used [0x0000000081400000,0x00000000826ef8d8,0x0000000087680000)
 Metaspace       used 34407K, capacity 35356K, committed 35456K, reserved 1079296K
  class space    used 4459K, capacity 4662K, committed 4736K, reserved 1048576K
}
Event: 6.626 GC heap before
{Heap before GC invocations=10 (full 2):
 PSYoungGen      total 108544K, used 95744K [0x00000000d5c00000, 0x00000000dfe80000, 0x0000000100000000)
  eden space 95744K, 100% used [0x00000000d5c00000,0x00000000db980000,0x00000000db980000)
  from space 12800K, 0% used [0x00000000db980000,0x00000000db980000,0x00000000dc600000)
  to   space 14848K, 0% used [0x00000000df000000,0x00000000df000000,0x00000000dfe80000)
 ParOldGen       total 100864K, used 19390K [0x0000000081400000, 0x0000000087680000, 0x00000000d5c00000)
  object space 100864K, 19% used [0x0000000081400000,0x00000000826ef8d8,0x0000000087680000)
 Metaspace       used 38042K, capacity 39128K, committed 39296K, reserved 1083392K
  class space    used 4923K, capacity 5150K, committed 5248K, reserved 1048576K
Event: 6.633 GC heap after
Heap after GC invocations=10 (full 2):
 PSYoungGen      total 151552K, used 4327K [0x00000000d5c00000, 0x00000000e0100000, 0x0000000100000000)
  eden space 136704K, 0% used [0x00000000d5c00000,0x00000000d5c00000,0x00000000de180000)
  from space 14848K, 29% used [0x00000000df000000,0x00000000df439e40,0x00000000dfe80000)
  to   space 14848K, 0% used [0x00000000de180000,0x00000000de180000,0x00000000df000000)
 ParOldGen       total 100864K, used 19398K [0x0000000081400000, 0x0000000087680000, 0x00000000d5c00000)
  object space 100864K, 19% used [0x0000000081400000,0x00000000826f18d8,0x0000000087680000)
 Metaspace       used 38042K, capacity 39128K, committed 39296K, reserved 1083392K
  class space    used 4923K, capacity 5150K, committed 5248K, reserved 1048576K
}
Event: 7.589 GC heap before
{Heap before GC invocations=11 (full 2):
 PSYoungGen      total 151552K, used 141031K [0x00000000d5c00000, 0x00000000e0100000, 0x0000000100000000)
  eden space 136704K, 100% used [0x00000000d5c00000,0x00000000de180000,0x00000000de180000)
  from space 14848K, 29% used [0x00000000df000000,0x00000000df439e40,0x00000000dfe80000)
  to   space 14848K, 0% used [0x00000000de180000,0x00000000de180000,0x00000000df000000)
 ParOldGen       total 100864K, used 19398K [0x0000000081400000, 0x0000000087680000, 0x00000000d5c00000)
  object space 100864K, 19% used [0x0000000081400000,0x00000000826f18d8,0x0000000087680000)
 Metaspace       used 41611K, capacity 42984K, committed 43264K, reserved 1087488K
  class space    used 5320K, capacity 5580K, committed 5632K, reserved 1048576K
Event: 7.604 GC heap after
Heap after GC invocations=11 (full 2):
 PSYoungGen      total 151552K, used 10033K [0x00000000d5c00000, 0x00000000e2280000, 0x0000000100000000)
  eden space 136704K, 0% used [0x00000000d5c00000,0x00000000d5c00000,0x00000000de180000)
  from space 14848K, 67% used [0x00000000de180000,0x00000000deb4c568,0x00000000df000000)
  to   space 14848K, 0% used [0x00000000e1400000,0x00000000e1400000,0x00000000e2280000)
 ParOldGen       total 100864K, used 19406K [0x0000000081400000, 0x0000000087680000, 0x00000000d5c00000)
  object space 100864K, 19% used [0x0000000081400000,0x00000000826f38d8,0x0000000087680000)
 Metaspace       used 41611K, capacity 42984K, committed 43264K, reserved 1087488K
  class space    used 5320K, capacity 5580K, committed 5632K, reserved 1048576K
}
Event: 8.612 GC heap before
{Heap before GC invocations=12 (full 2):
 PSYoungGen      total 151552K, used 146737K [0x00000000d5c00000, 0x00000000e2280000, 0x0000000100000000)
  eden space 136704K, 100% used [0x00000000d5c00000,0x00000000de180000,0x00000000de180000)
  from space 14848K, 67% used [0x00000000de180000,0x00000000deb4c568,0x00000000df000000)
  to   space 14848K, 0% used [0x00000000e1400000,0x00000000e1400000,0x00000000e2280000)
 ParOldGen       total 100864K, used 19406K [0x0000000081400000, 0x0000000087680000, 0x00000000d5c00000)
  object space 100864K, 19% used [0x0000000081400000,0x00000000826f38d8,0x0000000087680000)
 Metaspace       used 45337K, capacity 46896K, committed 47104K, reserved 1089536K
  class space    used 5726K, capacity 6022K, committed 6144K, reserved 1048576K
Event: 8.670 GC heap after
Heap after GC invocations=12 (full 2):
 PSYoungGen      total 186368K, used 14840K [0x00000000d5c00000, 0x00000000e3000000, 0x0000000100000000)
  eden space 171520K, 0% used [0x00000000d5c00000,0x00000000d5c00000,0x00000000e0380000)
  from space 14848K, 99% used [0x00000000e1400000,0x00000000e227e298,0x00000000e2280000)
  to   space 16896K, 0% used [0x00000000e0380000,0x00000000e0380000,0x00000000e1400000)
 ParOldGen       total 100864K, used 19792K [0x0000000081400000, 0x0000000087680000, 0x00000000d5c00000)
  object space 100864K, 19% used [0x0000000081400000,0x00000000827542e8,0x0000000087680000)
 Metaspace       used 45337K, capacity 46896K, committed 47104K, reserved 1089536K
  class space    used 5726K, capacity 6022K, committed 6144K, reserved 1048576K
}

